<?xml version="1.0" encoding="UTF-8"?>
<testng-results ignored="0" total="1" passed="1" failed="0" skipped="0">
  <reporter-output>
  </reporter-output>
  <suite started-at="2023-05-18T16:41:52 IST" name="Default suite" finished-at="2023-05-18T16:42:22 IST" duration-ms="30258">
    <groups>
    </groups>
    <test started-at="2023-05-18T16:41:52 IST" name="Default test" finished-at="2023-05-18T16:42:22 IST" duration-ms="30258">
      <class name="com.Wipro.Locators.TestScenarioLocatorLinktext">
        <test-method signature="LocatorsLinkTest()[pri:0, instance:com.Wipro.Locators.TestScenarioLocatorLinktext@68c72235]" started-at="2023-05-18T16:41:52 IST" name="LocatorsLinkTest" finished-at="2023-05-18T16:42:22 IST" duration-ms="30225" status="PASS">
          <reporter-output>
          </reporter-output>
        </test-method> <!-- LocatorsLinkTest -->
      </class> <!-- com.Wipro.Locators.TestScenarioLocatorLinktext -->
    </test> <!-- Default test -->
  </suite> <!-- Default suite -->
</testng-results>
